<?xml version="1.0" encoding="UTF-8"?><testrun duration="60212" footerText="Generated by IntelliJ IDEA on 10/4/20 4:28 PM" name="TestSuite">
    <count name="total" value="25"/>
    <count name="failed" value="3"/>
    <count name="passed" value="22"/>
    <config nameIsGenerated="true" configId="JUnit" name="TestSuite">
        <module name="TriangleTest"/>
        <option name="PACKAGE_NAME" value=""/>
        <option name="MAIN_CLASS_NAME" value="TestSuite"/>
        <option name="TEST_OBJECT" value="class"/>
    </config>
    <root name="TestSuite" location="java:suite://TestSuite">
        <output type="stdout">/Library/Java/JavaVirtualMachines/jdk-11.0.2.jdk/Contents/Home/bin/java -ea -Didea.test.cyclic.buffer.size=1048576 &amp;quot;-javaagent:/Applications/IntelliJ IDEA CE.app/Contents/lib/idea_rt.jar=56104:/Applications/IntelliJ IDEA CE.app/Contents/bin&amp;quot; -Dfile.encoding=UTF-8 -classpath &amp;quot;/Applications/IntelliJ IDEA CE.app/Contents/lib/idea_rt.jar:/Applications/IntelliJ IDEA CE.app/Contents/plugins/junit/lib/junit5-rt.jar:/Applications/IntelliJ IDEA CE.app/Contents/plugins/junit/lib/junit-rt.jar:/Users/ekaterinabolotova/Downloads/TriangleTest/target/test-classes:/Users/ekaterinabolotova/.m2/repository/junit/junit/4.12/junit-4.12.jar:/Users/ekaterinabolotova/.m2/repository/org/hamcrest/hamcrest-core/1.3/hamcrest-core-1.3.jar:/Users/ekaterinabolotova/.m2/repository/io/rest-assured/rest-assured/4.2.0/rest-assured-4.2.0.jar:/Users/ekaterinabolotova/.m2/repository/org/codehaus/groovy/groovy/2.5.8/groovy-2.5.8.jar:/Users/ekaterinabolotova/.m2/repository/org/codehaus/groovy/groovy-xml/2.5.8/groovy-xml-2.5.8.jar:/Users/ekaterinabolotova/.m2/repository/org/apache/httpcomponents/httpclient/4.5.3/httpclient-4.5.3.jar:/Users/ekaterinabolotova/.m2/repository/org/apache/httpcomponents/httpcore/4.4.6/httpcore-4.4.6.jar:/Users/ekaterinabolotova/.m2/repository/commons-logging/commons-logging/1.2/commons-logging-1.2.jar:/Users/ekaterinabolotova/.m2/repository/commons-codec/commons-codec/1.9/commons-codec-1.9.jar:/Users/ekaterinabolotova/.m2/repository/org/apache/httpcomponents/httpmime/4.5.3/httpmime-4.5.3.jar:/Users/ekaterinabolotova/.m2/repository/org/hamcrest/hamcrest/2.1/hamcrest-2.1.jar:/Users/ekaterinabolotova/.m2/repository/org/ccil/cowan/tagsoup/tagsoup/1.2.1/tagsoup-1.2.1.jar:/Users/ekaterinabolotova/.m2/repository/io/rest-assured/json-path/4.2.0/json-path-4.2.0.jar:/Users/ekaterinabolotova/.m2/repository/org/codehaus/groovy/groovy-json/2.5.8/groovy-json-2.5.8.jar:/Users/ekaterinabolotova/.m2/repository/io/rest-assured/rest-assured-common/4.2.0/rest-assured-common-4.2.0.jar:/Users/ekaterinabolotova/.m2/repository/org/apache/commons/commons-lang3/3.4/commons-lang3-3.4.jar:/Users/ekaterinabolotova/.m2/repository/io/rest-assured/xml-path/4.2.0/xml-path-4.2.0.jar:/Users/ekaterinabolotova/.m2/repository/jakarta/xml/bind/jakarta.xml.bind-api/2.3.2/jakarta.xml.bind-api-2.3.2.jar:/Users/ekaterinabolotova/.m2/repository/jakarta/activation/jakarta.activation-api/1.2.1/jakarta.activation-api-1.2.1.jar:/Users/ekaterinabolotova/.m2/repository/com/sun/xml/bind/jaxb-osgi/2.3.0.1/jaxb-osgi-2.3.0.1.jar:/Users/ekaterinabolotova/.m2/repository/org/apache/sling/org.apache.sling.javax.activation/0.1.0/org.apache.sling.javax.activation-0.1.0.jar:/Users/ekaterinabolotova/.m2/repository/javax/activation/activation/1.1.1/activation-1.1.1.jar:/Users/ekaterinabolotova/.m2/repository/org/json/json/20190722/json-20190722.jar:/Users/ekaterinabolotova/.m2/repository/com/google/code/gson/gson/2.8.6/gson-2.8.6.jar&amp;quot; com.intellij.rt.junit.JUnitStarter -ideVersion5 -junit4 TestSuite
</output>
        <output type="stderr">WARNING: An illegal reflective access operation has occurred
WARNING: Illegal reflective access by org.codehaus.groovy.vmplugin.v7.Java7$1 (file:/Users/ekaterinabolotova/.m2/repository/org/codehaus/groovy/groovy/2.5.8/groovy-2.5.8.jar) to constructor java.lang.invoke.MethodHandles$Lookup(java.lang.Class,int)
WARNING: Please consider reporting this to the maintainers of org.codehaus.groovy.vmplugin.v7.Java7$1
WARNING: Use --illegal-access=warn to enable warnings of further illegal reflective access operations
WARNING: All illegal access operations will be denied in a future release
</output>
        <output type="stdout">Process finished with exit code 255
</output>
    </root>
    <suite duration="14846" locationUrl="java:suite://PostSidesTests" name="PostSidesTests" status="failed">
        <test duration="1775" locationUrl="java:test://PostSidesTests/normalCombineTriangleTest" name="PostSidesTests.normalCombineTriangleTest" status="passed">
            <output type="stdout">{&amp;quot;input&amp;quot;:&amp;quot;5;2.5;4&amp;quot;}
</output>
        </test>
        <test duration="1517" locationUrl="java:test://PostSidesTests/letterSideTriangleTest" name="PostSidesTests.letterSideTriangleTest" status="passed">
            <output type="stdout">{&amp;quot;input&amp;quot;:&amp;quot;5;2.5;A&amp;quot;}
</output>
        </test>
        <test duration="1632" locationUrl="java:test://PostSidesTests/normalStringTriangleTest" name="PostSidesTests.normalStringTriangleTest" status="passed">
            <output type="stdout">{&amp;quot;input&amp;quot;:&amp;quot;3;4;5&amp;quot;}
</output>
        </test>
        <test duration="1283" locationUrl="java:test://PostSidesTests/impossibleTriangeTest" name="PostSidesTests.impossibleTriangeTest" status="passed">
            <output type="stdout">{&amp;quot;input&amp;quot;:&amp;quot;3.0;4.0;7.1&amp;quot;}
</output>
        </test>
        <test duration="1355" locationUrl="java:test://PostSidesTests/normalFloatTriangleTest" name="PostSidesTests.normalFloatTriangleTest" status="passed">
            <output type="stdout">{&amp;quot;input&amp;quot;:&amp;quot;0.2;0.2;0.2&amp;quot;}
</output>
        </test>
        <test duration="1434" locationUrl="java:test://PostSidesTests/lineTriangleTest" name="PostSidesTests.lineTriangleTest" status="failed">
            <output type="stdout">{&amp;quot;input&amp;quot;:&amp;quot;4;5;9&amp;quot;}
</output>
            <output type="stderr">java.lang.AssertionError: 1 expectation failed.
Expected status code &amp;lt;422&amp;gt; but was &amp;lt;200&amp;gt;.
	at java.base/jdk.internal.reflect.NativeConstructorAccessorImpl.newInstance0(Native Method)
	at java.base/jdk.internal.reflect.NativeConstructorAccessorImpl.newInstance(NativeConstructorAccessorImpl.java:62)
	at java.base/jdk.internal.reflect.DelegatingConstructorAccessorImpl.newInstance(DelegatingConstructorAccessorImpl.java:45)
	at java.base/java.lang.reflect.Constructor.newInstance(Constructor.java:490)
	at org.codehaus.groovy.reflection.CachedConstructor.invoke(CachedConstructor.java:80)
	at org.codehaus.groovy.reflection.CachedConstructor.doConstructorInvoke(CachedConstructor.java:74)
	at org.codehaus.groovy.runtime.callsite.ConstructorSite$ConstructorSiteNoUnwrap.callConstructor(ConstructorSite.java:84)
	at org.codehaus.groovy.runtime.callsite.CallSiteArray.defaultCallConstructor(CallSiteArray.java:59)
	at org.codehaus.groovy.runtime.callsite.AbstractCallSite.callConstructor(AbstractCallSite.java:237)
	at org.codehaus.groovy.runtime.callsite.AbstractCallSite.callConstructor(AbstractCallSite.java:249)
	at io.restassured.internal.ResponseSpecificationImpl$HamcrestAssertionClosure.validate(ResponseSpecificationImpl.groovy:493)
	at io.restassured.internal.ResponseSpecificationImpl$HamcrestAssertionClosure$validate$1.call(Unknown Source)
	at io.restassured.internal.ResponseSpecificationImpl.validateResponseIfRequired(ResponseSpecificationImpl.groovy:674)
	at jdk.internal.reflect.GeneratedMethodAccessor52.invoke(Unknown Source)
	at java.base/jdk.internal.reflect.DelegatingMethodAccessorImpl.invoke(DelegatingMethodAccessorImpl.java:43)
	at java.base/java.lang.reflect.Method.invoke(Method.java:566)
	at org.codehaus.groovy.runtime.callsite.PlainObjectMetaMethodSite.doInvoke(PlainObjectMetaMethodSite.java:43)
	at org.codehaus.groovy.runtime.callsite.PogoMetaMethodSite$PogoCachedMethodSiteNoUnwrapNoCoerce.invoke(PogoMetaMethodSite.java:190)
	at org.codehaus.groovy.runtime.callsite.PogoMetaMethodSite.callCurrent(PogoMetaMethodSite.java:58)
	at org.codehaus.groovy.runtime.callsite.AbstractCallSite.callCurrent(AbstractCallSite.java:168)
	at io.restassured.internal.ResponseSpecificationImpl.statusCode(ResponseSpecificationImpl.groovy:126)
	at io.restassured.specification.ResponseSpecification$statusCode$0.callCurrent(Unknown Source)
	at io.restassured.internal.ResponseSpecificationImpl.statusCode(ResponseSpecificationImpl.groovy:134)
	at io.restassured.internal.ValidatableResponseOptionsImpl.statusCode(ValidatableResponseOptionsImpl.java:89)
	at io.restassured.internal.ValidatableResponseImpl.super$2$statusCode(ValidatableResponseImpl.groovy)
	at java.base/jdk.internal.reflect.NativeMethodAccessorImpl.invoke0(Native Method)
	at java.base/jdk.internal.reflect.NativeMethodAccessorImpl.invoke(NativeMethodAccessorImpl.java:62)
	at java.base/jdk.internal.reflect.DelegatingMethodAccessorImpl.invoke(DelegatingMethodAccessorImpl.java:43)
	at java.base/java.lang.reflect.Method.invoke(Method.java:566)
	at org.codehaus.groovy.reflection.CachedMethod.invoke(CachedMethod.java:101)
	at groovy.lang.MetaMethod.doMethodInvoke(MetaMethod.java:323)
	at groovy.lang.MetaClassImpl.invokeMethod(MetaClassImpl.java:1217)
	at org.codehaus.groovy.runtime.ScriptBytecodeAdapter.invokeMethodOnSuperN(ScriptBytecodeAdapter.java:144)
	at io.restassured.internal.ValidatableResponseImpl.statusCode(ValidatableResponseImpl.groovy:142)
	at io.restassured.internal.ValidatableResponseImpl.statusCode(ValidatableResponseImpl.groovy)
	at PostSidesTests.lineTriangleTest(PostSidesTests.java:93)
	at java.base/jdk.internal.reflect.NativeMethodAccessorImpl.invoke0(Native Method)
	at java.base/jdk.internal.reflect.NativeMethodAccessorImpl.invoke(NativeMethodAccessorImpl.java:62)
	at java.base/jdk.internal.reflect.DelegatingMethodAccessorImpl.invoke(DelegatingMethodAccessorImpl.java:43)
	at java.base/java.lang.reflect.Method.invoke(Method.java:566)
	at org.junit.runners.model.FrameworkMethod$1.runReflectiveCall(FrameworkMethod.java:50)
	at org.junit.internal.runners.model.ReflectiveCallable.run(ReflectiveCallable.java:12)
	at org.junit.runners.model.FrameworkMethod.invokeExplosively(FrameworkMethod.java:47)
	at org.junit.internal.runners.statements.InvokeMethod.evaluate(InvokeMethod.java:17)
	at org.junit.runners.ParentRunner.runLeaf(ParentRunner.java:325)
	at org.junit.runners.BlockJUnit4ClassRunner.runChild(BlockJUnit4ClassRunner.java:78)
	at org.junit.runners.BlockJUnit4ClassRunner.runChild(BlockJUnit4ClassRunner.java:57)
	at org.junit.runners.ParentRunner$3.run(ParentRunner.java:290)
	at org.junit.runners.ParentRunner$1.schedule(ParentRunner.java:71)
	at org.junit.runners.ParentRunner.runChildren(ParentRunner.java:288)
	at org.junit.runners.ParentRunner.access$000(ParentRunner.java:58)
	at org.junit.runners.ParentRunner$2.evaluate(ParentRunner.java:268)
	at org.junit.internal.runners.statements.RunBefores.evaluate(RunBefores.java:26)
	at org.junit.runners.ParentRunner.run(ParentRunner.java:363)
	at org.junit.runners.Suite.runChild(Suite.java:128)
	at org.junit.runners.Suite.runChild(Suite.java:27)
	at org.junit.runners.ParentRunner$3.run(ParentRunner.java:290)
	at org.junit.runners.ParentRunner$1.schedule(ParentRunner.java:71)
	at org.junit.runners.ParentRunner.runChildren(ParentRunner.java:288)
	at org.junit.runners.ParentRunner.access$000(ParentRunner.java:58)
	at org.junit.runners.ParentRunner$2.evaluate(ParentRunner.java:268)
	at org.junit.runners.ParentRunner.run(ParentRunner.java:363)
	at org.junit.runner.JUnitCore.run(JUnitCore.java:137)
	at com.intellij.junit4.JUnit4IdeaTestRunner.startRunnerWithArgs(JUnit4IdeaTestRunner.java:68)
	at com.intellij.rt.junit.IdeaTestRunner$Repeater.startRunnerWithArgs(IdeaTestRunner.java:33)
	at com.intellij.rt.junit.JUnitStarter.prepareStreamsAndStart(JUnitStarter.java:230)
	at com.intellij.rt.junit.JUnitStarter.main(JUnitStarter.java:58)
</output>
        </test>
        <test duration="1463" locationUrl="java:test://PostSidesTests/symbolSideTriangleTest" name="PostSidesTests.symbolSideTriangleTest" status="passed">
            <output type="stdout">{&amp;quot;input&amp;quot;:&amp;quot;5;2.5;#&amp;quot;}
</output>
        </test>
        <test duration="1467" locationUrl="java:test://PostSidesTests/normalTriangleTest" name="PostSidesTests.normalTriangleTest" status="passed">
            <output type="stdout">{&amp;quot;input&amp;quot;:&amp;quot;3;4;5&amp;quot;}
</output>
        </test>
        <test duration="1498" locationUrl="java:test://PostSidesTests/zeroSideTriangleTest" name="PostSidesTests.zeroSideTriangleTest" status="passed">
            <output type="stdout">{&amp;quot;input&amp;quot;:&amp;quot;0;4;5&amp;quot;}
</output>
        </test>
        <test duration="1422" locationUrl="java:test://PostSidesTests/negativeSideTriangleTest" name="PostSidesTests.negativeSideTriangleTest" status="failed">
            <output type="stdout">{&amp;quot;input&amp;quot;:&amp;quot;-3;4;5&amp;quot;}
</output>
            <output type="stderr">java.lang.AssertionError: 1 expectation failed.
Expected status code &amp;lt;422&amp;gt; but was &amp;lt;200&amp;gt;.
	at java.base/jdk.internal.reflect.NativeConstructorAccessorImpl.newInstance0(Native Method)
	at java.base/jdk.internal.reflect.NativeConstructorAccessorImpl.newInstance(NativeConstructorAccessorImpl.java:62)
	at java.base/jdk.internal.reflect.DelegatingConstructorAccessorImpl.newInstance(DelegatingConstructorAccessorImpl.java:45)
	at java.base/java.lang.reflect.Constructor.newInstance(Constructor.java:490)
	at org.codehaus.groovy.reflection.CachedConstructor.invoke(CachedConstructor.java:80)
	at org.codehaus.groovy.reflection.CachedConstructor.doConstructorInvoke(CachedConstructor.java:74)
	at org.codehaus.groovy.runtime.callsite.ConstructorSite$ConstructorSiteNoUnwrap.callConstructor(ConstructorSite.java:84)
	at org.codehaus.groovy.runtime.callsite.AbstractCallSite.callConstructor(AbstractCallSite.java:249)
	at io.restassured.internal.ResponseSpecificationImpl$HamcrestAssertionClosure.validate(ResponseSpecificationImpl.groovy:493)
	at io.restassured.internal.ResponseSpecificationImpl$HamcrestAssertionClosure$validate$1.call(Unknown Source)
	at io.restassured.internal.ResponseSpecificationImpl.validateResponseIfRequired(ResponseSpecificationImpl.groovy:674)
	at jdk.internal.reflect.GeneratedMethodAccessor52.invoke(Unknown Source)
	at java.base/jdk.internal.reflect.DelegatingMethodAccessorImpl.invoke(DelegatingMethodAccessorImpl.java:43)
	at java.base/java.lang.reflect.Method.invoke(Method.java:566)
	at org.codehaus.groovy.runtime.callsite.PlainObjectMetaMethodSite.doInvoke(PlainObjectMetaMethodSite.java:43)
	at org.codehaus.groovy.runtime.callsite.PogoMetaMethodSite$PogoCachedMethodSiteNoUnwrapNoCoerce.invoke(PogoMetaMethodSite.java:190)
	at org.codehaus.groovy.runtime.callsite.PogoMetaMethodSite.callCurrent(PogoMetaMethodSite.java:58)
	at org.codehaus.groovy.runtime.callsite.AbstractCallSite.callCurrent(AbstractCallSite.java:168)
	at io.restassured.internal.ResponseSpecificationImpl.statusCode(ResponseSpecificationImpl.groovy:126)
	at io.restassured.specification.ResponseSpecification$statusCode$0.callCurrent(Unknown Source)
	at io.restassured.internal.ResponseSpecificationImpl.statusCode(ResponseSpecificationImpl.groovy:134)
	at io.restassured.internal.ValidatableResponseOptionsImpl.statusCode(ValidatableResponseOptionsImpl.java:89)
	at io.restassured.internal.ValidatableResponseImpl.super$2$statusCode(ValidatableResponseImpl.groovy)
	at java.base/jdk.internal.reflect.NativeMethodAccessorImpl.invoke0(Native Method)
	at java.base/jdk.internal.reflect.NativeMethodAccessorImpl.invoke(NativeMethodAccessorImpl.java:62)
	at java.base/jdk.internal.reflect.DelegatingMethodAccessorImpl.invoke(DelegatingMethodAccessorImpl.java:43)
	at java.base/java.lang.reflect.Method.invoke(Method.java:566)
	at org.codehaus.groovy.reflection.CachedMethod.invoke(CachedMethod.java:101)
	at groovy.lang.MetaMethod.doMethodInvoke(MetaMethod.java:323)
	at groovy.lang.MetaClassImpl.invokeMethod(MetaClassImpl.java:1217)
	at org.codehaus.groovy.runtime.ScriptBytecodeAdapter.invokeMethodOnSuperN(ScriptBytecodeAdapter.java:144)
	at io.restassured.internal.ValidatableResponseImpl.statusCode(ValidatableResponseImpl.groovy:142)
	at io.restassured.internal.ValidatableResponseImpl.statusCode(ValidatableResponseImpl.groovy)
	at PostSidesTests.negativeSideTriangleTest(PostSidesTests.java:56)
	at java.base/jdk.internal.reflect.NativeMethodAccessorImpl.invoke0(Native Method)
	at java.base/jdk.internal.reflect.NativeMethodAccessorImpl.invoke(NativeMethodAccessorImpl.java:62)
	at java.base/jdk.internal.reflect.DelegatingMethodAccessorImpl.invoke(DelegatingMethodAccessorImpl.java:43)
	at java.base/java.lang.reflect.Method.invoke(Method.java:566)
	at org.junit.runners.model.FrameworkMethod$1.runReflectiveCall(FrameworkMethod.java:50)
	at org.junit.internal.runners.model.ReflectiveCallable.run(ReflectiveCallable.java:12)
	at org.junit.runners.model.FrameworkMethod.invokeExplosively(FrameworkMethod.java:47)
	at org.junit.internal.runners.statements.InvokeMethod.evaluate(InvokeMethod.java:17)
	at org.junit.runners.ParentRunner.runLeaf(ParentRunner.java:325)
	at org.junit.runners.BlockJUnit4ClassRunner.runChild(BlockJUnit4ClassRunner.java:78)
	at org.junit.runners.BlockJUnit4ClassRunner.runChild(BlockJUnit4ClassRunner.java:57)
	at org.junit.runners.ParentRunner$3.run(ParentRunner.java:290)
	at org.junit.runners.ParentRunner$1.schedule(ParentRunner.java:71)
	at org.junit.runners.ParentRunner.runChildren(ParentRunner.java:288)
	at org.junit.runners.ParentRunner.access$000(ParentRunner.java:58)
	at org.junit.runners.ParentRunner$2.evaluate(ParentRunner.java:268)
	at org.junit.internal.runners.statements.RunBefores.evaluate(RunBefores.java:26)
	at org.junit.runners.ParentRunner.run(ParentRunner.java:363)
	at org.junit.runners.Suite.runChild(Suite.java:128)
	at org.junit.runners.Suite.runChild(Suite.java:27)
	at org.junit.runners.ParentRunner$3.run(ParentRunner.java:290)
	at org.junit.runners.ParentRunner$1.schedule(ParentRunner.java:71)
	at org.junit.runners.ParentRunner.runChildren(ParentRunner.java:288)
	at org.junit.runners.ParentRunner.access$000(ParentRunner.java:58)
	at org.junit.runners.ParentRunner$2.evaluate(ParentRunner.java:268)
	at org.junit.runners.ParentRunner.run(ParentRunner.java:363)
	at org.junit.runner.JUnitCore.run(JUnitCore.java:137)
	at com.intellij.junit4.JUnit4IdeaTestRunner.startRunnerWithArgs(JUnit4IdeaTestRunner.java:68)
	at com.intellij.rt.junit.IdeaTestRunner$Repeater.startRunnerWithArgs(IdeaTestRunner.java:33)
	at com.intellij.rt.junit.JUnitStarter.prepareStreamsAndStart(JUnitStarter.java:230)
	at com.intellij.rt.junit.JUnitStarter.main(JUnitStarter.java:58)
</output>
        </test>
    </suite>
    <suite duration="8212" locationUrl="java:suite://PostSeparatorTests" name="PostSeparatorTests" status="failed">
        <test duration="1539" locationUrl="java:test://PostSeparatorTests/noSeparatorTest" name="PostSeparatorTests.noSeparatorTest" status="failed">
            <output type="stdout">{&amp;quot;input&amp;quot;:&amp;quot;457&amp;quot;,&amp;quot;separator&amp;quot;:&amp;quot;&amp;quot;}
</output>
            <output type="stderr">java.lang.AssertionError: 1 expectation failed.
Expected status code &amp;lt;422&amp;gt; but was &amp;lt;200&amp;gt;.
	at java.base/jdk.internal.reflect.NativeConstructorAccessorImpl.newInstance0(Native Method)
	at java.base/jdk.internal.reflect.NativeConstructorAccessorImpl.newInstance(NativeConstructorAccessorImpl.java:62)
	at java.base/jdk.internal.reflect.DelegatingConstructorAccessorImpl.newInstance(DelegatingConstructorAccessorImpl.java:45)
	at java.base/java.lang.reflect.Constructor.newInstance(Constructor.java:490)
	at org.codehaus.groovy.reflection.CachedConstructor.invoke(CachedConstructor.java:80)
	at org.codehaus.groovy.reflection.CachedConstructor.doConstructorInvoke(CachedConstructor.java:74)
	at org.codehaus.groovy.runtime.callsite.ConstructorSite$ConstructorSiteNoUnwrap.callConstructor(ConstructorSite.java:84)
	at org.codehaus.groovy.runtime.callsite.AbstractCallSite.callConstructor(AbstractCallSite.java:249)
	at io.restassured.internal.ResponseSpecificationImpl$HamcrestAssertionClosure.validate(ResponseSpecificationImpl.groovy:493)
	at io.restassured.internal.ResponseSpecificationImpl$HamcrestAssertionClosure$validate$1.call(Unknown Source)
	at io.restassured.internal.ResponseSpecificationImpl.validateResponseIfRequired(ResponseSpecificationImpl.groovy:674)
	at jdk.internal.reflect.GeneratedMethodAccessor52.invoke(Unknown Source)
	at java.base/jdk.internal.reflect.DelegatingMethodAccessorImpl.invoke(DelegatingMethodAccessorImpl.java:43)
	at java.base/java.lang.reflect.Method.invoke(Method.java:566)
	at org.codehaus.groovy.runtime.callsite.PlainObjectMetaMethodSite.doInvoke(PlainObjectMetaMethodSite.java:43)
	at org.codehaus.groovy.runtime.callsite.PogoMetaMethodSite$PogoCachedMethodSiteNoUnwrapNoCoerce.invoke(PogoMetaMethodSite.java:190)
	at org.codehaus.groovy.runtime.callsite.PogoMetaMethodSite.callCurrent(PogoMetaMethodSite.java:58)
	at org.codehaus.groovy.runtime.callsite.AbstractCallSite.callCurrent(AbstractCallSite.java:168)
	at io.restassured.internal.ResponseSpecificationImpl.statusCode(ResponseSpecificationImpl.groovy:126)
	at io.restassured.specification.ResponseSpecification$statusCode$0.callCurrent(Unknown Source)
	at io.restassured.internal.ResponseSpecificationImpl.statusCode(ResponseSpecificationImpl.groovy:134)
	at io.restassured.internal.ValidatableResponseOptionsImpl.statusCode(ValidatableResponseOptionsImpl.java:89)
	at io.restassured.internal.ValidatableResponseImpl.super$2$statusCode(ValidatableResponseImpl.groovy)
	at java.base/jdk.internal.reflect.NativeMethodAccessorImpl.invoke0(Native Method)
	at java.base/jdk.internal.reflect.NativeMethodAccessorImpl.invoke(NativeMethodAccessorImpl.java:62)
	at java.base/jdk.internal.reflect.DelegatingMethodAccessorImpl.invoke(DelegatingMethodAccessorImpl.java:43)
	at java.base/java.lang.reflect.Method.invoke(Method.java:566)
	at org.codehaus.groovy.reflection.CachedMethod.invoke(CachedMethod.java:101)
	at groovy.lang.MetaMethod.doMethodInvoke(MetaMethod.java:323)
	at groovy.lang.MetaClassImpl.invokeMethod(MetaClassImpl.java:1217)
	at org.codehaus.groovy.runtime.ScriptBytecodeAdapter.invokeMethodOnSuperN(ScriptBytecodeAdapter.java:144)
	at io.restassured.internal.ValidatableResponseImpl.statusCode(ValidatableResponseImpl.groovy:142)
	at io.restassured.internal.ValidatableResponseImpl.statusCode(ValidatableResponseImpl.groovy)
	at PostSeparatorTests.noSeparatorTest(PostSeparatorTests.java:57)
	at java.base/jdk.internal.reflect.NativeMethodAccessorImpl.invoke0(Native Method)
	at java.base/jdk.internal.reflect.NativeMethodAccessorImpl.invoke(NativeMethodAccessorImpl.java:62)
	at java.base/jdk.internal.reflect.DelegatingMethodAccessorImpl.invoke(DelegatingMethodAccessorImpl.java:43)
	at java.base/java.lang.reflect.Method.invoke(Method.java:566)
	at org.junit.runners.model.FrameworkMethod$1.runReflectiveCall(FrameworkMethod.java:50)
	at org.junit.internal.runners.model.ReflectiveCallable.run(ReflectiveCallable.java:12)
	at org.junit.runners.model.FrameworkMethod.invokeExplosively(FrameworkMethod.java:47)
	at org.junit.internal.runners.statements.InvokeMethod.evaluate(InvokeMethod.java:17)
	at org.junit.runners.ParentRunner.runLeaf(ParentRunner.java:325)
	at org.junit.runners.BlockJUnit4ClassRunner.runChild(BlockJUnit4ClassRunner.java:78)
	at org.junit.runners.BlockJUnit4ClassRunner.runChild(BlockJUnit4ClassRunner.java:57)
	at org.junit.runners.ParentRunner$3.run(ParentRunner.java:290)
	at org.junit.runners.ParentRunner$1.schedule(ParentRunner.java:71)
	at org.junit.runners.ParentRunner.runChildren(ParentRunner.java:288)
	at org.junit.runners.ParentRunner.access$000(ParentRunner.java:58)
	at org.junit.runners.ParentRunner$2.evaluate(ParentRunner.java:268)
	at org.junit.internal.runners.statements.RunBefores.evaluate(RunBefores.java:26)
	at org.junit.runners.ParentRunner.run(ParentRunner.java:363)
	at org.junit.runners.Suite.runChild(Suite.java:128)
	at org.junit.runners.Suite.runChild(Suite.java:27)
	at org.junit.runners.ParentRunner$3.run(ParentRunner.java:290)
	at org.junit.runners.ParentRunner$1.schedule(ParentRunner.java:71)
	at org.junit.runners.ParentRunner.runChildren(ParentRunner.java:288)
	at org.junit.runners.ParentRunner.access$000(ParentRunner.java:58)
	at org.junit.runners.ParentRunner$2.evaluate(ParentRunner.java:268)
	at org.junit.runners.ParentRunner.run(ParentRunner.java:363)
	at org.junit.runner.JUnitCore.run(JUnitCore.java:137)
	at com.intellij.junit4.JUnit4IdeaTestRunner.startRunnerWithArgs(JUnit4IdeaTestRunner.java:68)
	at com.intellij.rt.junit.IdeaTestRunner$Repeater.startRunnerWithArgs(IdeaTestRunner.java:33)
	at com.intellij.rt.junit.JUnitStarter.prepareStreamsAndStart(JUnitStarter.java:230)
	at com.intellij.rt.junit.JUnitStarter.main(JUnitStarter.java:58)
</output>
        </test>
        <test duration="1349" locationUrl="java:test://PostSeparatorTests/anotherSeparatorTest" name="PostSeparatorTests.anotherSeparatorTest" status="passed">
            <output type="stdout">{&amp;quot;input&amp;quot;:&amp;quot;4\&amp;quot;+5\&amp;quot;+7&amp;quot;,&amp;quot;separator&amp;quot;:&amp;quot;\&amp;quot;+&amp;quot;}
</output>
        </test>
        <test duration="1331" locationUrl="java:test://PostSeparatorTests/defaultSeparatorTest" name="PostSeparatorTests.defaultSeparatorTest" status="passed">
            <output type="stdout">{&amp;quot;input&amp;quot;:&amp;quot;3;4;5&amp;quot;}
</output>
        </test>
        <test duration="1329" locationUrl="java:test://PostSeparatorTests/forbidenSymbolSeparatorTest" name="PostSeparatorTests.forbidenSymbolSeparatorTest" status="passed">
            <output type="stdout">{&amp;quot;input&amp;quot;:&amp;quot;4*5*7&amp;quot;,&amp;quot;separator&amp;quot;:&amp;quot;*&amp;quot;}
{&amp;quot;timestamp&amp;quot;:1601820536175,&amp;quot;status&amp;quot;:500,&amp;quot;error&amp;quot;:&amp;quot;Internal Server Error&amp;quot;,&amp;quot;exception&amp;quot;:&amp;quot;java.util.regex.PatternSyntaxException&amp;quot;,&amp;quot;message&amp;quot;:&amp;quot;Dangling meta character &amp;#39;*&amp;#39; near index 0\n*\n^&amp;quot;,&amp;quot;path&amp;quot;:&amp;quot;/triangle&amp;quot;}
</output>
        </test>
        <test duration="1459" locationUrl="java:test://PostSeparatorTests/emptySeparatorTest" name="PostSeparatorTests.emptySeparatorTest" status="passed">
            <output type="stdout">{&amp;quot;input&amp;quot;:&amp;quot;4 5 7&amp;quot;,&amp;quot;separator&amp;quot;:&amp;quot; &amp;quot;}
</output>
        </test>
        <test duration="1205" locationUrl="java:test://PostSeparatorTests/letterSeparatorTest" name="PostSeparatorTests.letterSeparatorTest" status="passed">
            <output type="stdout">{&amp;quot;input&amp;quot;:&amp;quot;4P5P7&amp;quot;,&amp;quot;separator&amp;quot;:&amp;quot;P&amp;quot;}
</output>
        </test>
    </suite>
    <suite duration="11042" locationUrl="java:suite://GetTests" name="GetTests" status="passed">
        <test duration="5094" locationUrl="java:test://GetTests/getAllTriangleTest" name="GetTests.getAllTriangleTest" status="passed">
            <output type="stdout">{&amp;quot;input&amp;quot;:&amp;quot;4;5;7&amp;quot;}
{&amp;quot;input&amp;quot;:&amp;quot;5;6;8&amp;quot;}
</output>
        </test>
        <test duration="5948" locationUrl="java:test://GetTests/getTriangleTest" name="GetTests.getTriangleTest" status="passed">
            <output type="stdout">{&amp;quot;input&amp;quot;:&amp;quot;4;5;7&amp;quot;}
</output>
        </test>
    </suite>
    <suite duration="14645" locationUrl="java:suite://DeleteTests" name="DeleteTests" status="passed">
        <test duration="7270" locationUrl="java:test://DeleteTests/deleteTriangleTest1" name="DeleteTests.deleteTriangleTest1" status="passed">
            <output type="stdout">{&amp;quot;input&amp;quot;:&amp;quot;3;4;5&amp;quot;}
</output>
        </test>
        <test duration="7375" locationUrl="java:test://DeleteTests/deleteNonExistingTriangleTest" name="DeleteTests.deleteNonExistingTriangleTest" status="passed">
            <output type="stdout">{&amp;quot;input&amp;quot;:&amp;quot;3;4;5&amp;quot;}
</output>
        </test>
    </suite>
    <suite duration="11467" locationUrl="java:suite://AuthCodeTests" name="AuthCodeTests" status="passed">
        <test duration="1536" locationUrl="java:test://AuthCodeTests/code500Test" name="AuthCodeTests.code500Test" status="passed">
            <output type="stdout">{&amp;quot;input&amp;quot;:&amp;quot;4*5*7&amp;quot;,&amp;quot;separator&amp;quot;:&amp;quot;*&amp;quot;}
{&amp;quot;timestamp&amp;quot;:1601820583173,&amp;quot;status&amp;quot;:500,&amp;quot;error&amp;quot;:&amp;quot;Internal Server Error&amp;quot;,&amp;quot;exception&amp;quot;:&amp;quot;java.util.regex.PatternSyntaxException&amp;quot;,&amp;quot;message&amp;quot;:&amp;quot;Dangling meta character &amp;#39;*&amp;#39; near index 0\n*\n^&amp;quot;,&amp;quot;path&amp;quot;:&amp;quot;/triangle&amp;quot;}
</output>
        </test>
        <test duration="1536" locationUrl="java:test://AuthCodeTests/code200Test" name="AuthCodeTests.code200Test" status="passed">
            <output type="stdout">{&amp;quot;input&amp;quot;:&amp;quot;4;5;7&amp;quot;}
{&amp;quot;id&amp;quot;:&amp;quot;a4e0aea5-f847-4895-8dd7-da0e6809cf93&amp;quot;,&amp;quot;firstSide&amp;quot;:4.0,&amp;quot;secondSide&amp;quot;:5.0,&amp;quot;thirdSide&amp;quot;:7.0}
</output>
        </test>
        <test duration="1457" locationUrl="java:test://AuthCodeTests/code401Test" name="AuthCodeTests.code401Test" status="passed"/>
        <test duration="5519" locationUrl="java:test://AuthCodeTests/code404Test" name="AuthCodeTests.code404Test" status="passed">
            <output type="stdout">{&amp;quot;input&amp;quot;:&amp;quot;4;5;7&amp;quot;}
</output>
        </test>
        <test duration="1419" locationUrl="java:test://AuthCodeTests/code422Test" name="AuthCodeTests.code422Test" status="passed">
            <output type="stdout">{&amp;quot;input&amp;quot;:&amp;quot;4\&amp;quot;*5\&amp;quot;*7&amp;quot;,&amp;quot;separator&amp;quot;:&amp;quot;\&amp;quot;*&amp;quot;}
{&amp;quot;timestamp&amp;quot;:1601820593098,&amp;quot;status&amp;quot;:422,&amp;quot;error&amp;quot;:&amp;quot;Unprocessable Entity&amp;quot;,&amp;quot;exception&amp;quot;:&amp;quot;com.natera.test.triangle.exception.UnprocessableDataException&amp;quot;,&amp;quot;message&amp;quot;:&amp;quot;Cannot process input&amp;quot;,&amp;quot;path&amp;quot;:&amp;quot;/triangle&amp;quot;}
</output>
        </test>
    </suite>
</testrun>
